::1 - - [16/May/2022:11:10:08 +0000] "GET /free HTTP/1.1" 500 - "-" "Mozilla/5.0 (X11; Linux x86_64) AppleWebKit/537.36 (KHTML, like Gecko) Chrome/101.0.4951.64 Safari/537.36"
::1 - - [16/May/2022:11:10:28 +0000] "GET /free HTTP/1.1" 301 220 "-" "Mozilla/5.0 (X11; Linux x86_64) AppleWebKit/537.36 (KHTML, like Gecko) Chrome/101.0.4951.64 Safari/537.36"
::1 - - [16/May/2022:11:27:46 +0000] "GET /teste HTTP/1.1" 404 144 "-" "Mozilla/5.0 (X11; Linux x86_64) AppleWebKit/537.36 (KHTML, like Gecko) Chrome/101.0.4951.64 Safari/537.36"
::ffff:127.0.0.1 - - [16/May/2022:11:28:31 +0000] "GET /hello HTTP/1.1" 200 12 "-" "axios/0.27.2"
::1 - - [16/May/2022:12:31:05 +0000] "GET / HTTP/1.1" 404 139 "-" "Mozilla/5.0 (X11; Linux x86_64) AppleWebKit/537.36 (KHTML, like Gecko) Chrome/101.0.4951.64 Safari/537.36"
::ffff:127.0.0.1 - - [16/May/2022:12:31:30 +0000] "GET /hello HTTP/1.1" 200 12 "-" "axios/0.27.2"
::1 - - [16/May/2022:12:31:30 +0000] "GET /teste HTTP/1.1" 304 - "-" "Mozilla/5.0 (X11; Linux x86_64) AppleWebKit/537.36 (KHTML, like Gecko) Chrome/101.0.4951.64 Safari/537.36"
::1 - - [16/May/2022:12:31:39 +0000] "GET /hello HTTP/1.1" 304 - "-" "Mozilla/5.0 (X11; Linux x86_64) AppleWebKit/537.36 (KHTML, like Gecko) Chrome/101.0.4951.64 Safari/537.36"
::ffff:127.0.0.1 - - [16/May/2022:12:31:42 +0000] "GET /hello HTTP/1.1" 200 12 "-" "axios/0.27.2"
::1 - - [16/May/2022:12:31:42 +0000] "GET /teste HTTP/1.1" 304 - "-" "Mozilla/5.0 (X11; Linux x86_64) AppleWebKit/537.36 (KHTML, like Gecko) Chrome/101.0.4951.64 Safari/537.36"
::1 - - [16/May/2022:23:05:37 +0000] "GET /favicon.ico HTTP/1.1" 404 150 "http://localhost:2400/teste" "Mozilla/5.0 (X11; Linux x86_64) AppleWebKit/537.36 (KHTML, like Gecko) Chrome/101.0.4951.64 Safari/537.36"
::1 - - [17/May/2022:12:36:31 +0000] "GET /api-docs/ HTTP/1.1" 200 3103 "-" "Mozilla/5.0 (X11; Linux x86_64) AppleWebKit/537.36 (KHTML, like Gecko) Chrome/101.0.4951.64 Safari/537.36"
::1 - - [17/May/2022:12:36:31 +0000] "GET /api-docs/swagger-ui.css HTTP/1.1" 200 143980 "http://localhost:2900/api-docs/" "Mozilla/5.0 (X11; Linux x86_64) AppleWebKit/537.36 (KHTML, like Gecko) Chrome/101.0.4951.64 Safari/537.36"
::1 - - [17/May/2022:12:36:31 +0000] "GET /api-docs/swagger-ui-init.js HTTP/1.1" 200 306698 "http://localhost:2900/api-docs/" "Mozilla/5.0 (X11; Linux x86_64) AppleWebKit/537.36 (KHTML, like Gecko) Chrome/101.0.4951.64 Safari/537.36"
::1 - - [17/May/2022:12:36:31 +0000] "GET /api-docs/swagger-ui-bundle.js HTTP/1.1" 200 1096221 "http://localhost:2900/api-docs/" "Mozilla/5.0 (X11; Linux x86_64) AppleWebKit/537.36 (KHTML, like Gecko) Chrome/101.0.4951.64 Safari/537.36"
::1 - - [17/May/2022:12:36:31 +0000] "GET /api-docs/swagger-ui-standalone-preset.js HTTP/1.1" 200 339540 "http://localhost:2900/api-docs/" "Mozilla/5.0 (X11; Linux x86_64) AppleWebKit/537.36 (KHTML, like Gecko) Chrome/101.0.4951.64 Safari/537.36"
::1 - - [17/May/2022:12:36:34 +0000] "GET /api-docs/favicon-32x32.png HTTP/1.1" 200 628 "http://localhost:2900/api-docs/" "Mozilla/5.0 (X11; Linux x86_64) AppleWebKit/537.36 (KHTML, like Gecko) Chrome/101.0.4951.64 Safari/537.36"
::1 - - [17/May/2022:14:32:24 +0000] "GET /api-docs/ HTTP/1.1" 304 - "-" "Mozilla/5.0 (X11; Linux x86_64) AppleWebKit/537.36 (KHTML, like Gecko) Chrome/101.0.4951.64 Safari/537.36"
::1 - - [17/May/2022:14:32:24 +0000] "GET /api-docs/swagger-ui.css HTTP/1.1" 304 - "http://localhost:2900/api-docs/" "Mozilla/5.0 (X11; Linux x86_64) AppleWebKit/537.36 (KHTML, like Gecko) Chrome/101.0.4951.64 Safari/537.36"
::1 - - [17/May/2022:14:32:24 +0000] "GET /api-docs/swagger-ui-bundle.js HTTP/1.1" 304 - "http://localhost:2900/api-docs/" "Mozilla/5.0 (X11; Linux x86_64) AppleWebKit/537.36 (KHTML, like Gecko) Chrome/101.0.4951.64 Safari/537.36"
::1 - - [17/May/2022:14:32:24 +0000] "GET /api-docs/swagger-ui-init.js HTTP/1.1" 200 310888 "http://localhost:2900/api-docs/" "Mozilla/5.0 (X11; Linux x86_64) AppleWebKit/537.36 (KHTML, like Gecko) Chrome/101.0.4951.64 Safari/537.36"
::1 - - [17/May/2022:14:32:24 +0000] "GET /api-docs/swagger-ui-standalone-preset.js HTTP/1.1" 304 - "http://localhost:2900/api-docs/" "Mozilla/5.0 (X11; Linux x86_64) AppleWebKit/537.36 (KHTML, like Gecko) Chrome/101.0.4951.64 Safari/537.36"
::1 - - [17/May/2022:14:52:50 +0000] "GET /api-docs/ HTTP/1.1" 304 - "-" "Mozilla/5.0 (X11; Linux x86_64) AppleWebKit/537.36 (KHTML, like Gecko) Chrome/101.0.4951.64 Safari/537.36"
::1 - - [17/May/2022:14:52:50 +0000] "GET /api-docs/swagger-ui.css HTTP/1.1" 304 - "http://localhost:2900/api-docs/" "Mozilla/5.0 (X11; Linux x86_64) AppleWebKit/537.36 (KHTML, like Gecko) Chrome/101.0.4951.64 Safari/537.36"
::1 - - [17/May/2022:14:52:50 +0000] "GET /api-docs/swagger-ui-bundle.js HTTP/1.1" 304 - "http://localhost:2900/api-docs/" "Mozilla/5.0 (X11; Linux x86_64) AppleWebKit/537.36 (KHTML, like Gecko) Chrome/101.0.4951.64 Safari/537.36"
::1 - - [17/May/2022:14:52:50 +0000] "GET /api-docs/swagger-ui-standalone-preset.js HTTP/1.1" 304 - "http://localhost:2900/api-docs/" "Mozilla/5.0 (X11; Linux x86_64) AppleWebKit/537.36 (KHTML, like Gecko) Chrome/101.0.4951.64 Safari/537.36"
::1 - - [17/May/2022:14:52:50 +0000] "GET /api-docs/swagger-ui-init.js HTTP/1.1" 200 244050 "http://localhost:2900/api-docs/" "Mozilla/5.0 (X11; Linux x86_64) AppleWebKit/537.36 (KHTML, like Gecko) Chrome/101.0.4951.64 Safari/537.36"
::1 - - [17/May/2022:14:52:52 +0000] "GET /api-docs/favicon-32x32.png HTTP/1.1" 304 - "http://localhost:2900/api-docs/" "Mozilla/5.0 (X11; Linux x86_64) AppleWebKit/537.36 (KHTML, like Gecko) Chrome/101.0.4951.64 Safari/537.36"
::1 - - [17/May/2022:16:06:55 +0000] "GET /api-docs/ HTTP/1.1" 304 - "-" "Mozilla/5.0 (X11; Linux x86_64) AppleWebKit/537.36 (KHTML, like Gecko) Chrome/101.0.4951.64 Safari/537.36"
::1 - - [17/May/2022:16:06:56 +0000] "GET /api-docs/swagger-ui.css HTTP/1.1" 304 - "http://localhost:2900/api-docs/" "Mozilla/5.0 (X11; Linux x86_64) AppleWebKit/537.36 (KHTML, like Gecko) Chrome/101.0.4951.64 Safari/537.36"
::1 - - [17/May/2022:16:06:56 +0000] "GET /api-docs/swagger-ui-bundle.js HTTP/1.1" 304 - "http://localhost:2900/api-docs/" "Mozilla/5.0 (X11; Linux x86_64) AppleWebKit/537.36 (KHTML, like Gecko) Chrome/101.0.4951.64 Safari/537.36"
::1 - - [17/May/2022:16:06:56 +0000] "GET /api-docs/swagger-ui-init.js HTTP/1.1" 200 261230 "http://localhost:2900/api-docs/" "Mozilla/5.0 (X11; Linux x86_64) AppleWebKit/537.36 (KHTML, like Gecko) Chrome/101.0.4951.64 Safari/537.36"
::1 - - [17/May/2022:16:06:56 +0000] "GET /api-docs/swagger-ui-standalone-preset.js HTTP/1.1" 304 - "http://localhost:2900/api-docs/" "Mozilla/5.0 (X11; Linux x86_64) AppleWebKit/537.36 (KHTML, like Gecko) Chrome/101.0.4951.64 Safari/537.36"
::1 - - [17/May/2022:16:06:57 +0000] "GET /api-docs/favicon-32x32.png HTTP/1.1" 304 - "http://localhost:2900/api-docs/" "Mozilla/5.0 (X11; Linux x86_64) AppleWebKit/537.36 (KHTML, like Gecko) Chrome/101.0.4951.64 Safari/537.36"
